<?xml version="1.0" encoding="UTF-8"?>
<robot generator="Robot 7.2.2 (Python 3.13.2 on win32)" generated="2025-04-25T14:57:12.541113" rpa="false" schemaversion="5">
<suite id="s1" name="Login Test Heroku" source="F:\Python\tudonghoaquytrinh\login_test_heroku.robot">
<test id="s1-t1" name="dang nhap thanh cong" line="12">
<kw name="mo trinh duyet">
<kw name="Open Browser">
<msg time="2025-04-25T14:57:12.586258" level="FAIL">No keyword with name 'Open Browser' found.</msg>
<arg>${URL}</arg>
<arg>chrome</arg>
<status status="FAIL" start="2025-04-25T14:57:12.586224" elapsed="0.000078">No keyword with name 'Open Browser' found.</status>
</kw>
<kw name="Maximize Browser Window">
<status status="NOT RUN" start="2025-04-25T14:57:12.586421" elapsed="0.000015"/>
</kw>
<status status="FAIL" start="2025-04-25T14:57:12.585358" elapsed="0.001165">No keyword with name 'Open Browser' found.</status>
</kw>
<status status="FAIL" start="2025-04-25T14:57:12.584735" elapsed="0.001972">No keyword with name 'Open Browser' found.</status>
</test>
<status status="FAIL" start="2025-04-25T14:57:12.542608" elapsed="0.045366"/>
</suite>
<statistics>
<total>
<stat pass="0" fail="1" skip="0">All Tests</stat>
</total>
<tag>
</tag>
<suite>
<stat name="Login Test Heroku" id="s1" pass="0" fail="1" skip="0">Login Test Heroku</stat>
</suite>
</statistics>
<errors>
<msg time="2025-04-25T14:57:12.535740" level="ERROR">Error in file 'F:\Python\tudonghoaquytrinh\login_test_heroku.robot' on line 2: Non-existing setting 'Doccumentation'. Did you mean:
    Documentation</msg>
<msg time="2025-04-25T14:57:12.535904" level="ERROR">Error in file 'F:\Python\tudonghoaquytrinh\login_test_heroku.robot' on line 3: Non-existing setting 'library SeleniumLibrary'.</msg>
</errors>
</robot>
